
ROM used:   1477/8192 (18%)
            1477/8192 (18%) including unused fragments

            1.2 Average locations per line
            11.3 Average locations per statement

RAM used:   12/368 (3%) at main() level
            37/368 (10%) worst case

Stack used: 5 worst case (5 in main + 0 for interrupts)
Stack size: 8

Lines Stmts  %   Files
----- ----- ---  -----
  103    31  24  main.c
  661     0   0  ..\..\..\..\software_download\PICC\Devices\16F877A.h
  456   100  76  ..\..\..\..\software_download\PICC\Drivers\lcd.c
----- -----
 1220   131 Total

Page ROM  %  RAM   Vol Diff  Functions:
---- --- --- ---   --- ----  ----------
0     21   1    1             @delay_ms1
0      8   1    0             @const626
 Inline         3   760  4.5  lcd_read_byte
0     49   3    2   262  3.7  lcd_read_nibble
0     43   3    1   399  2.4  lcd_send_nibble
0     92   6    3   415  3.7  lcd_send_byte
0     61   4    2   704  5.0  lcd_init
0     18   1    4   208  6.3  lcd_gotoxy
0     44   3    1   354  4.7  lcd_putc
0    107   7    6   393  3.2  MAIN
0      6   0    0             @const664
0     84   6    5             @PSTRINGCN7_645
0    117   8   13             @MULFF
 Inline         5             @FTOSD
0     79   5   13             @DIV3232
0    226  15   13             @PRINTF_L32D_645FPFPF
0      6   0    0             @const678
0     21   1    3             @DIV88
0     55   4    2             @PRINTF_U_645
0    331  22   10   171  3.0  get_temperature
 Inline         2             @ITOF
 Inline        14             @DIVFF
0    105   7    3   331  3.9  get_ultrasonic_distance
 Inline         5             @DIV1616
 Inline         0             @cinit1

Program metrics:
    Functions               10
    Statements              131
    Comments                235
    Volume (V)              6364
    Difficulty (D)          38.3
    Effort to implement (E) 243755
    Time to implement (T)   3 hours, 46 minutes
    Est Delivered Bugs (B)  1
    Cyclomatic Complexity   8
    Maintainability (MI)    143

 Segment     Used  Free
-----------  ----  ----
00000-00003     4  0  
00004-007FF  1473  571  
00800-00FFF     0  2048  
01000-017FF     0  2048  
01800-01FFF     0  2048  



